<?xml version="1.0" encoding="UTF-8"?>
<!-- Generated by org.testng.reporters.JUnitReportReporter -->
<testsuite hostname="Sarin" failures="0" tests="1" name="automationtest.automationtest.HomeTest" time="4.277" errors="0" timestamp="2023-03-13T10:14:32 SGT" skipped="0">
  <testcase classname="automationtest.automationtest.HomeTest" name="checkIfMenuPresent" time="4.277"/>
  <system-out/>
</testsuite> <!-- automationtest.automationtest.HomeTest -->
