<?xml version="1.0" encoding="UTF-8"?>
<!-- Generated by org.testng.reporters.JUnitReportReporter -->
<testsuite hostname="Sarin" failures="0" tests="1" name="automationtest.tests.TasksTest" time="4.371" errors="0" timestamp="2023-03-13T13:25:40 SGT" skipped="0">
  <testcase classname="automationtest.tests.TasksTest" name="createNewTask" time="4.371"/>
  <system-out/>
</testsuite> <!-- automationtest.tests.TasksTest -->
