<?xml version="1.0" encoding="UTF-8"?>
<!-- Generated by org.testng.reporters.JUnitReportReporter -->
<testsuite hostname="Sarin" failures="0" tests="1" name="automationtest.tests.JobsTest" time="5.458" errors="0" timestamp="2023-03-13T13:25:40 SGT" skipped="0">
  <testcase classname="automationtest.tests.JobsTest" name="createNewJob" time="5.458"/>
  <system-out/>
</testsuite> <!-- automationtest.tests.JobsTest -->
