<?xml version="1.0" encoding="UTF-8"?>
<!-- Generated by org.testng.reporters.JUnitReportReporter -->
<testsuite hostname="Sarin" failures="0" tests="2" name="automationtest.automationtest.LoginTest" time="6.765" errors="0" timestamp="2023-03-13T10:14:32 SGT" skipped="1">
  <testcase classname="automationtest.automationtest.LoginTest" name="login" time="6.765"/>
  <system-out/>
  <testcase classname="automationtest.automationtest.LoginTest" name="registerUser">
    <skipped/>
  </testcase> <!-- registerUser -->
  <system-out/>
</testsuite> <!-- automationtest.automationtest.LoginTest -->
