<?xml version="1.0" encoding="UTF-8"?>
<!-- Generated by org.testng.reporters.JUnitReportReporter -->
<testsuite hostname="Sarin" failures="0" tests="1" name="automationtest.automationtest.MedicineTest" time="8.298" errors="0" timestamp="2023-03-13T10:18:42 SGT" skipped="0">
  <testcase classname="automationtest.automationtest.MedicineTest" name="createNewMedicine" time="8.298"/>
  <system-out/>
</testsuite> <!-- automationtest.automationtest.MedicineTest -->
