<?xml version="1.0" encoding="UTF-8"?>
<!-- Generated by org.testng.reporters.JUnitReportReporter -->
<testsuite hostname="Sarin" failures="0" tests="1" name="automationtest.tests.MedicineTest" time="4.335" errors="0" timestamp="2023-03-13T13:25:40 SGT" skipped="0">
  <testcase classname="automationtest.tests.MedicineTest" name="createNewMedicine" time="4.335"/>
  <system-out/>
</testsuite> <!-- automationtest.tests.MedicineTest -->
